  Azure Sphere Utility version 19.2.4.2632
  Copyright (C) Microsoft Corporation. All rights reserved.
   
  Start time (UTC): Monday, 18 February 2019 20:29:26 
  verbose: Creating image package. 
  verbose: Azure Sphere application image package written. 
  verbose: Appending metadata. 
  verbose: Wrote metadata:
    Section: Identity
      Image Type:           Application
      Component ID:         59c9732a-bf99-4471-b2a8-0bdab331eeea
      Image ID:             eb37a362-e4d1-4a16-a60d-4aec9825b67e
    Section: Signature
      Signing Type:         ECDsa256
      Cert:                 a8d5cc6958f48710140d7a26160fc1cfc31f5df0
    Section: Debug
      Image Name:           Mt3620UartSigfox
      Built On (UTC):       18/02/2019 20:29:27
      Built On (Local):     18/02/2019 17:29:27
    Section: Temporary Image
      Remove image at boot: False
      Under development:    True
    Section: ABI Depends
      Depends on:           ApplicationRuntime, version 1
   
  verbose: Packaging completed successfully. 
  verbose: Output file is at: C:\Users\walte\source\repos\Mt3620UartSigfox\Mt3620UartSigfox\bin\ARM\Debug\Mt3620UartSigfox.imagepackage 
  Command completed successfully in 00:00:00.5969539. 
